[ 2018-07-04T08:23:55+08:00 ] 127.0.0.1 /
INFO: [ app_init ] --START--
INFO: Run Behavior\BuildLiteBehavior [ RunTime:0.000029s ]
INFO: [ app_init ] --END-- [ RunTime:0.005408s ]
INFO: [ app_begin ] --START--
INFO: Run Behavior\ReadHtmlCacheBehavior [ RunTime:0.001171s ]
INFO: [ app_begin ] --END-- [ RunTime:0.001251s ]
NOTIC: [2048] Declaration of Home\Controller\IndexController::show() should be compatible with Think\Controller::show($content, $charset = '', $contentType = '', $prefix = '') G:\itcast\exercise\ThinkPHP3\Application\Home\Controller\IndexController.class.php 第 170 行.
NOTIC: [8] Undefined index: category_id G:\itcast\exercise\ThinkPHP3\Application\Home\Controller\IndexController.class.php 第 36 行.
NOTIC: [8] Undefined index: title G:\itcast\exercise\ThinkPHP3\Application\Home\Controller\IndexController.class.php 第 39 行.
SQL: SHOW COLUMNS FROM `article` [ RunTime:0.0065s ]
NOTIC: [2] Invalid argument supplied for foreach() G:\itcast\exercise\ThinkPHP3\ThinkPHP\Library\Think\Db\Driver.class.php 第 504 行.
SQL: SELECT COUNT(*) AS tp_count FROM `article` LIMIT 1   [ RunTime:0.0004s ]
SQL: SHOW COLUMNS FROM `article` [ RunTime:0.0044s ]
NOTIC: [2] Invalid argument supplied for foreach() G:\itcast\exercise\ThinkPHP3\ThinkPHP\Library\Think\Db\Driver.class.php 第 504 行.
SQL: SELECT article.*,`username`,`classname` FROM `article` left join user on article.user_id=user.id left join category on article.category_id=category.id  LIMIT 0,5   [ RunTime:0.0004s ]
SQL: SHOW COLUMNS FROM `category` [ RunTime:0.0040s ]
SQL: SELECT * FROM `category`  [ RunTime:0.0002s ]
SQL: SHOW COLUMNS FROM `comment` [ RunTime:0.0042s ]
SQL: SELECT `username`,comment.addate as addate,`content` FROM `comment` left join user on user.id=comment.user_id  LIMIT 5   [ RunTime:0.0001s ]
SQL: select date_format(from_unixtime(addate),'%Y年%m月') as addate1,count(addate) as article_count from article group by addate1 [ RunTime:0.0001s ]
SQL: SHOW COLUMNS FROM `links` [ RunTime:0.0041s ]
SQL: SELECT * FROM `links`  [ RunTime:0.0002s ]
INFO: [ view_parse ] --START--
INFO: [ template_filter ] --START--
INFO: Run Behavior\ContentReplaceBehavior [ RunTime:0.000899s ]
INFO: [ template_filter ] --END-- [ RunTime:0.000970s ]
INFO: Run Behavior\ParseTemplateBehavior [ RunTime:0.021442s ]
INFO: [ view_parse ] --END-- [ RunTime:0.021510s ]
INFO: [ view_filter ] --START--
INFO: Run Behavior\WriteHtmlCacheBehavior [ RunTime:0.000886s ]
INFO: [ view_filter ] --END-- [ RunTime:0.000934s ]
INFO: [ app_end ] --START--
INFO: Run Behavior\ShowPageTraceBehavior [ RunTime:0.001512s ]
INFO: [ app_end ] --END-- [ RunTime:0.001589s ]

[ 2018-07-04T16:48:35+08:00 ] 127.0.0.1 /
INFO: [ app_init ] --START--
INFO: Run Behavior\BuildLiteBehavior [ RunTime:0.000021s ]
INFO: [ app_init ] --END-- [ RunTime:0.000861s ]
INFO: [ app_begin ] --START--
INFO: Run Behavior\ReadHtmlCacheBehavior [ RunTime:0.000991s ]
INFO: [ app_begin ] --END-- [ RunTime:0.001053s ]
NOTIC: [2048] Declaration of Home\Controller\IndexController::show() should be compatible with Think\Controller::show($content, $charset = '', $contentType = '', $prefix = '') G:\itcast\exercise\ThinkPHP3\Application\Home\Controller\IndexController.class.php 第 170 行.
NOTIC: [8] Undefined index: category_id G:\itcast\exercise\ThinkPHP3\Application\Home\Controller\IndexController.class.php 第 36 行.
NOTIC: [8] Undefined index: title G:\itcast\exercise\ThinkPHP3\Application\Home\Controller\IndexController.class.php 第 39 行.
ERR: 无法加载数据库驱动: Think\Db\Driver\

[ 2018-07-04T16:48:37+08:00 ] 127.0.0.1 /
INFO: [ app_init ] --START--
INFO: Run Behavior\BuildLiteBehavior [ RunTime:0.000020s ]
INFO: [ app_init ] --END-- [ RunTime:0.000589s ]
INFO: [ app_begin ] --START--
INFO: Run Behavior\ReadHtmlCacheBehavior [ RunTime:0.001018s ]
INFO: [ app_begin ] --END-- [ RunTime:0.001095s ]
NOTIC: [2048] Declaration of Home\Controller\IndexController::show() should be compatible with Think\Controller::show($content, $charset = '', $contentType = '', $prefix = '') G:\itcast\exercise\ThinkPHP3\Application\Home\Controller\IndexController.class.php 第 170 行.
NOTIC: [8] Undefined index: category_id G:\itcast\exercise\ThinkPHP3\Application\Home\Controller\IndexController.class.php 第 36 行.
NOTIC: [8] Undefined index: title G:\itcast\exercise\ThinkPHP3\Application\Home\Controller\IndexController.class.php 第 39 行.
ERR: 无法加载数据库驱动: Think\Db\Driver\

[ 2018-07-04T16:49:02+08:00 ] 127.0.0.1 /index.php
INFO: [ app_init ] --START--
INFO: Run Behavior\BuildLiteBehavior [ RunTime:0.000016s ]
INFO: [ app_init ] --END-- [ RunTime:0.000512s ]
INFO: [ app_begin ] --START--
INFO: Run Behavior\ReadHtmlCacheBehavior [ RunTime:0.003303s ]
INFO: [ app_begin ] --END-- [ RunTime:0.003521s ]
NOTIC: [2048] Declaration of Home\Controller\IndexController::show() should be compatible with Think\Controller::show($content, $charset = '', $contentType = '', $prefix = '') G:\itcast\exercise\ThinkPHP3\Application\Home\Controller\IndexController.class.php 第 170 行.
NOTIC: [8] Undefined index: category_id G:\itcast\exercise\ThinkPHP3\Application\Home\Controller\IndexController.class.php 第 36 行.
NOTIC: [8] Undefined index: title G:\itcast\exercise\ThinkPHP3\Application\Home\Controller\IndexController.class.php 第 39 行.
ERR: 无法加载数据库驱动: Think\Db\Driver\

[ 2018-07-04T16:49:07+08:00 ] 127.0.0.1 /index.php
INFO: [ app_init ] --START--
INFO: Run Behavior\BuildLiteBehavior [ RunTime:0.000012s ]
INFO: [ app_init ] --END-- [ RunTime:0.000386s ]
INFO: [ app_begin ] --START--
INFO: Run Behavior\ReadHtmlCacheBehavior [ RunTime:0.001684s ]
INFO: [ app_begin ] --END-- [ RunTime:0.001770s ]
NOTIC: [2048] Declaration of Home\Controller\IndexController::show() should be compatible with Think\Controller::show($content, $charset = '', $contentType = '', $prefix = '') G:\itcast\exercise\ThinkPHP3\Application\Home\Controller\IndexController.class.php 第 170 行.
NOTIC: [8] Undefined index: category_id G:\itcast\exercise\ThinkPHP3\Application\Home\Controller\IndexController.class.php 第 36 行.
NOTIC: [8] Undefined index: title G:\itcast\exercise\ThinkPHP3\Application\Home\Controller\IndexController.class.php 第 39 行.
ERR: 无法加载数据库驱动: Think\Db\Driver\

[ 2018-07-04T16:49:12+08:00 ] 127.0.0.1 /index.php/Home/Index/index
INFO: [ app_init ] --START--
INFO: Run Behavior\BuildLiteBehavior [ RunTime:0.000012s ]
INFO: [ app_init ] --END-- [ RunTime:0.000365s ]
INFO: [ app_begin ] --START--
INFO: Run Behavior\ReadHtmlCacheBehavior [ RunTime:0.000532s ]
INFO: [ app_begin ] --END-- [ RunTime:0.000576s ]
NOTIC: [2048] Declaration of Home\Controller\IndexController::show() should be compatible with Think\Controller::show($content, $charset = '', $contentType = '', $prefix = '') G:\itcast\exercise\ThinkPHP3\Application\Home\Controller\IndexController.class.php 第 170 行.
NOTIC: [8] Undefined index: category_id G:\itcast\exercise\ThinkPHP3\Application\Home\Controller\IndexController.class.php 第 36 行.
NOTIC: [8] Undefined index: title G:\itcast\exercise\ThinkPHP3\Application\Home\Controller\IndexController.class.php 第 39 行.
ERR: 无法加载数据库驱动: Think\Db\Driver\

[ 2018-07-04T16:49:45+08:00 ] 127.0.0.1 /index.php/Home/Index/index
INFO: [ app_init ] --START--
INFO: Run Behavior\BuildLiteBehavior [ RunTime:0.000013s ]
INFO: [ app_init ] --END-- [ RunTime:0.000387s ]
INFO: [ app_begin ] --START--
INFO: Run Behavior\ReadHtmlCacheBehavior [ RunTime:0.000606s ]
INFO: [ app_begin ] --END-- [ RunTime:0.000649s ]
NOTIC: [2048] Declaration of Home\Controller\IndexController::show() should be compatible with Think\Controller::show($content, $charset = '', $contentType = '', $prefix = '') G:\itcast\exercise\ThinkPHP3\Application\Home\Controller\IndexController.class.php 第 170 行.
NOTIC: [8] Undefined index: category_id G:\itcast\exercise\ThinkPHP3\Application\Home\Controller\IndexController.class.php 第 36 行.
NOTIC: [8] Undefined index: title G:\itcast\exercise\ThinkPHP3\Application\Home\Controller\IndexController.class.php 第 39 行.
ERR: 无法加载数据库驱动: Think\Db\Driver\

[ 2018-07-04T16:51:56+08:00 ] 127.0.0.1 /index.php
INFO: [ app_init ] --START--
INFO: Run Behavior\BuildLiteBehavior [ RunTime:0.000011s ]
INFO: [ app_init ] --END-- [ RunTime:0.000345s ]
INFO: [ app_begin ] --START--
INFO: Run Behavior\ReadHtmlCacheBehavior [ RunTime:0.000611s ]
INFO: [ app_begin ] --END-- [ RunTime:0.000651s ]
NOTIC: [2048] Declaration of Home\Controller\IndexController::show() should be compatible with Think\Controller::show($content, $charset = '', $contentType = '', $prefix = '') G:\itcast\exercise\ThinkPHP3\Application\Home\Controller\IndexController.class.php 第 170 行.
NOTIC: [8] Undefined index: category_id G:\itcast\exercise\ThinkPHP3\Application\Home\Controller\IndexController.class.php 第 36 行.
NOTIC: [8] Undefined index: title G:\itcast\exercise\ThinkPHP3\Application\Home\Controller\IndexController.class.php 第 39 行.
ERR: 无法加载数据库驱动: Think\Db\Driver\

[ 2018-07-04T16:54:19+08:00 ] 127.0.0.1 /index.php/Home/Index/index
INFO: [ app_init ] --START--
INFO: Run Behavior\BuildLiteBehavior [ RunTime:0.000014s ]
INFO: [ app_init ] --END-- [ RunTime:0.000385s ]
INFO: [ app_begin ] --START--
INFO: Run Behavior\ReadHtmlCacheBehavior [ RunTime:0.000788s ]
INFO: [ app_begin ] --END-- [ RunTime:0.000858s ]
NOTIC: [2048] Declaration of Home\Controller\IndexController::show() should be compatible with Think\Controller::show($content, $charset = '', $contentType = '', $prefix = '') G:\itcast\exercise\ThinkPHP3\Application\Home\Controller\IndexController.class.php 第 170 行.
NOTIC: [8] Undefined index: category_id G:\itcast\exercise\ThinkPHP3\Application\Home\Controller\IndexController.class.php 第 36 行.
NOTIC: [8] Undefined index: title G:\itcast\exercise\ThinkPHP3\Application\Home\Controller\IndexController.class.php 第 39 行.
ERR: 无法加载数据库驱动: Think\Db\Driver\

[ 2018-07-04T17:23:30+08:00 ] 127.0.0.1 /index.php/Home/Index/index
INFO: [ app_init ] --START--
INFO: Run Behavior\BuildLiteBehavior [ RunTime:0.000015s ]
INFO: [ app_init ] --END-- [ RunTime:0.000558s ]
INFO: [ app_begin ] --START--
INFO: Run Behavior\ReadHtmlCacheBehavior [ RunTime:0.000604s ]
INFO: [ app_begin ] --END-- [ RunTime:0.000648s ]
NOTIC: [2048] Declaration of Home\Controller\IndexController::show() should be compatible with Think\Controller::show($content, $charset = '', $contentType = '', $prefix = '') G:\itcast\exercise\ThinkPHP3\Application\Home\Controller\IndexController.class.php 第 172 行.

[ 2018-07-04T17:23:53+08:00 ] 127.0.0.1 /index.php
INFO: [ app_init ] --START--
INFO: Run Behavior\BuildLiteBehavior [ RunTime:0.000051s ]
INFO: [ app_init ] --END-- [ RunTime:0.001413s ]
INFO: [ app_begin ] --START--
INFO: Run Behavior\ReadHtmlCacheBehavior [ RunTime:0.001177s ]
INFO: [ app_begin ] --END-- [ RunTime:0.001272s ]
NOTIC: [2048] Declaration of Home\Controller\IndexController::show() should be compatible with Think\Controller::show($content, $charset = '', $contentType = '', $prefix = '') G:\itcast\exercise\ThinkPHP3\Application\Home\Controller\IndexController.class.php 第 173 行.
NOTIC: [8] Undefined index: category_id G:\itcast\exercise\ThinkPHP3\Application\Home\Controller\IndexController.class.php 第 37 行.
NOTIC: [8] Undefined index: title G:\itcast\exercise\ThinkPHP3\Application\Home\Controller\IndexController.class.php 第 40 行.
ERR: 无法加载数据库驱动: Think\Db\Driver\

[ 2018-07-04T17:25:58+08:00 ] 127.0.0.1 /index.php/Home/Index/content?id=36
INFO: [ app_init ] --START--
INFO: Run Behavior\BuildLiteBehavior [ RunTime:0.000026s ]
INFO: [ app_init ] --END-- [ RunTime:0.001203s ]
INFO: [ app_begin ] --START--
INFO: Run Behavior\ReadHtmlCacheBehavior [ RunTime:0.000675s ]
INFO: [ app_begin ] --END-- [ RunTime:0.000731s ]
NOTIC: [2048] Declaration of Home\Controller\IndexController::show() should be compatible with Think\Controller::show($content, $charset = '', $contentType = '', $prefix = '') G:\itcast\exercise\ThinkPHP3\Application\Home\Controller\IndexController.class.php 第 173 行.
ERR: 无法加载数据库驱动: Think\Db\Driver\

[ 2018-07-04T17:26:22+08:00 ] 127.0.0.1 /index.php/Home/Index/menu
INFO: [ app_init ] --START--
INFO: Run Behavior\BuildLiteBehavior [ RunTime:0.000021s ]
INFO: [ app_init ] --END-- [ RunTime:0.000658s ]
INFO: [ app_begin ] --START--
INFO: Run Behavior\ReadHtmlCacheBehavior [ RunTime:0.000687s ]
INFO: [ app_begin ] --END-- [ RunTime:0.000735s ]
NOTIC: [2048] Declaration of Home\Controller\IndexController::show() should be compatible with Think\Controller::show($content, $charset = '', $contentType = '', $prefix = '') G:\itcast\exercise\ThinkPHP3\Application\Home\Controller\IndexController.class.php 第 173 行.
NOTIC: [8] Undefined index: category_id G:\itcast\exercise\ThinkPHP3\Application\Home\Controller\IndexController.class.php 第 129 行.
NOTIC: [8] Undefined index: title G:\itcast\exercise\ThinkPHP3\Application\Home\Controller\IndexController.class.php 第 132 行.
ERR: 无法加载数据库驱动: Think\Db\Driver\

[ 2018-07-04T17:28:17+08:00 ] 127.0.0.1 /index.php/Home/Index/menu
INFO: [ app_init ] --START--
INFO: Run Behavior\BuildLiteBehavior [ RunTime:0.000013s ]
INFO: [ app_init ] --END-- [ RunTime:0.000378s ]
INFO: [ app_begin ] --START--
INFO: Run Behavior\ReadHtmlCacheBehavior [ RunTime:0.000592s ]
INFO: [ app_begin ] --END-- [ RunTime:0.000636s ]
NOTIC: [2048] Declaration of Home\Controller\IndexController::show() should be compatible with Think\Controller::show($content, $charset = '', $contentType = '', $prefix = '') G:\itcast\exercise\ThinkPHP3\Application\Home\Controller\IndexController.class.php 第 173 行.
NOTIC: [8] Undefined index: category_id G:\itcast\exercise\ThinkPHP3\Application\Home\Controller\IndexController.class.php 第 129 行.
NOTIC: [8] Undefined index: title G:\itcast\exercise\ThinkPHP3\Application\Home\Controller\IndexController.class.php 第 132 行.
ERR: 无法加载数据库驱动: Think\Db\Driver\

[ 2018-07-04T17:28:17+08:00 ] 127.0.0.1 /index.php/Home/Index/menu
INFO: [ app_init ] --START--
INFO: Run Behavior\BuildLiteBehavior [ RunTime:0.000011s ]
INFO: [ app_init ] --END-- [ RunTime:0.000306s ]
INFO: [ app_begin ] --START--
INFO: Run Behavior\ReadHtmlCacheBehavior [ RunTime:0.000456s ]
INFO: [ app_begin ] --END-- [ RunTime:0.000496s ]
NOTIC: [2048] Declaration of Home\Controller\IndexController::show() should be compatible with Think\Controller::show($content, $charset = '', $contentType = '', $prefix = '') G:\itcast\exercise\ThinkPHP3\Application\Home\Controller\IndexController.class.php 第 173 行.
NOTIC: [8] Undefined index: category_id G:\itcast\exercise\ThinkPHP3\Application\Home\Controller\IndexController.class.php 第 129 行.
NOTIC: [8] Undefined index: title G:\itcast\exercise\ThinkPHP3\Application\Home\Controller\IndexController.class.php 第 132 行.
ERR: 无法加载数据库驱动: Think\Db\Driver\

[ 2018-07-04T17:28:18+08:00 ] 127.0.0.1 /index.php/Home/Index/menu
INFO: [ app_init ] --START--
INFO: Run Behavior\BuildLiteBehavior [ RunTime:0.000012s ]
INFO: [ app_init ] --END-- [ RunTime:0.000305s ]
INFO: [ app_begin ] --START--
INFO: Run Behavior\ReadHtmlCacheBehavior [ RunTime:0.000501s ]
INFO: [ app_begin ] --END-- [ RunTime:0.000544s ]
NOTIC: [2048] Declaration of Home\Controller\IndexController::show() should be compatible with Think\Controller::show($content, $charset = '', $contentType = '', $prefix = '') G:\itcast\exercise\ThinkPHP3\Application\Home\Controller\IndexController.class.php 第 173 行.
NOTIC: [8] Undefined index: category_id G:\itcast\exercise\ThinkPHP3\Application\Home\Controller\IndexController.class.php 第 129 行.
NOTIC: [8] Undefined index: title G:\itcast\exercise\ThinkPHP3\Application\Home\Controller\IndexController.class.php 第 132 行.
ERR: 无法加载数据库驱动: Think\Db\Driver\

[ 2018-07-04T17:28:22+08:00 ] 127.0.0.1 /index.php/Home/Index/index
INFO: [ app_init ] --START--
INFO: Run Behavior\BuildLiteBehavior [ RunTime:0.000014s ]
INFO: [ app_init ] --END-- [ RunTime:0.000385s ]
INFO: [ app_begin ] --START--
INFO: Run Behavior\ReadHtmlCacheBehavior [ RunTime:0.000699s ]
INFO: [ app_begin ] --END-- [ RunTime:0.000761s ]
NOTIC: [2048] Declaration of Home\Controller\IndexController::show() should be compatible with Think\Controller::show($content, $charset = '', $contentType = '', $prefix = '') G:\itcast\exercise\ThinkPHP3\Application\Home\Controller\IndexController.class.php 第 173 行.
NOTIC: [8] Undefined index: category_id G:\itcast\exercise\ThinkPHP3\Application\Home\Controller\IndexController.class.php 第 37 行.
NOTIC: [8] Undefined index: title G:\itcast\exercise\ThinkPHP3\Application\Home\Controller\IndexController.class.php 第 40 行.
ERR: 无法加载数据库驱动: Think\Db\Driver\

[ 2018-07-04T17:30:43+08:00 ] 127.0.0.1 /index.php/Index/index
INFO: [ app_init ] --START--
INFO: Run Behavior\BuildLiteBehavior [ RunTime:0.000015s ]
INFO: [ app_init ] --END-- [ RunTime:0.000442s ]
INFO: [ app_begin ] --START--
INFO: Run Behavior\ReadHtmlCacheBehavior [ RunTime:0.000693s ]
INFO: [ app_begin ] --END-- [ RunTime:0.000741s ]
NOTIC: [2048] Declaration of Home\Controller\IndexController::show() should be compatible with Think\Controller::show($content, $charset = '', $contentType = '', $prefix = '') G:\itcast\exercise\ThinkPHP3\Application\Home\Controller\IndexController.class.php 第 173 行.
NOTIC: [8] Undefined index: category_id G:\itcast\exercise\ThinkPHP3\Application\Home\Controller\IndexController.class.php 第 37 行.
NOTIC: [8] Undefined index: title G:\itcast\exercise\ThinkPHP3\Application\Home\Controller\IndexController.class.php 第 40 行.
ERR: 无法加载数据库驱动: Think\Db\Driver\

[ 2018-07-04T17:30:54+08:00 ] 127.0.0.1 /index.php/Index/index
INFO: [ app_init ] --START--
INFO: Run Behavior\BuildLiteBehavior [ RunTime:0.000012s ]
INFO: [ app_init ] --END-- [ RunTime:0.000346s ]
INFO: [ app_begin ] --START--
INFO: Run Behavior\ReadHtmlCacheBehavior [ RunTime:0.000873s ]
INFO: [ app_begin ] --END-- [ RunTime:0.000938s ]
NOTIC: [2048] Declaration of Home\Controller\IndexController::show() should be compatible with Think\Controller::show($content, $charset = '', $contentType = '', $prefix = '') G:\itcast\exercise\ThinkPHP3\Application\Home\Controller\IndexController.class.php 第 173 行.
NOTIC: [8] Undefined index: category_id G:\itcast\exercise\ThinkPHP3\Application\Home\Controller\IndexController.class.php 第 37 行.
NOTIC: [8] Undefined index: title G:\itcast\exercise\ThinkPHP3\Application\Home\Controller\IndexController.class.php 第 40 行.
ERR: 无法加载数据库驱动: Think\Db\Driver\

[ 2018-07-04T17:32:40+08:00 ] 127.0.0.1 /index.php/Home/Index/index
INFO: [ app_init ] --START--
INFO: Run Behavior\BuildLiteBehavior [ RunTime:0.000019s ]
INFO: [ app_init ] --END-- [ RunTime:0.000393s ]
INFO: [ app_begin ] --START--
INFO: Run Behavior\ReadHtmlCacheBehavior [ RunTime:0.000506s ]
INFO: [ app_begin ] --END-- [ RunTime:0.000556s ]
NOTIC: [2048] Declaration of Home\Controller\IndexController::show() should be compatible with Think\Controller::show($content, $charset = '', $contentType = '', $prefix = '') G:\itcast\exercise\ThinkPHP3\Application\Home\Controller\IndexController.class.php 第 175 行.
INFO: [ view_parse ] --START--
INFO: [ template_filter ] --START--
INFO: Run Behavior\ContentReplaceBehavior [ RunTime:0.000044s ]
INFO: [ template_filter ] --END-- [ RunTime:0.000090s ]
NOTIC: [8] Undefined variable: articleList G:\itcast\exercise\ThinkPHP3\Application\Runtime\Cache\Home\2a94b8bda04ff446dcedd42276fc99ee.php 第 62 行.
NOTIC: [8] Undefined variable: show G:\itcast\exercise\ThinkPHP3\Application\Runtime\Cache\Home\2a94b8bda04ff446dcedd42276fc99ee.php 第 84 行.
NOTIC: [8] Undefined variable: categorys G:\itcast\exercise\ThinkPHP3\Application\Runtime\Cache\Home\2a94b8bda04ff446dcedd42276fc99ee.php 第 105 行.
NOTIC: [8] Undefined variable: comments G:\itcast\exercise\ThinkPHP3\Application\Runtime\Cache\Home\2a94b8bda04ff446dcedd42276fc99ee.php 第 117 行.
NOTIC: [8] Undefined variable: articles G:\itcast\exercise\ThinkPHP3\Application\Runtime\Cache\Home\2a94b8bda04ff446dcedd42276fc99ee.php 第 133 行.
NOTIC: [8] Undefined variable: links G:\itcast\exercise\ThinkPHP3\Application\Runtime\Cache\Home\2a94b8bda04ff446dcedd42276fc99ee.php 第 146 行.
INFO: Run Behavior\ParseTemplateBehavior [ RunTime:0.011333s ]
INFO: [ view_parse ] --END-- [ RunTime:0.011374s ]
INFO: [ view_filter ] --START--
INFO: Run Behavior\WriteHtmlCacheBehavior [ RunTime:0.000304s ]
INFO: [ view_filter ] --END-- [ RunTime:0.000336s ]

[ 2018-07-04T17:33:00+08:00 ] 127.0.0.1 /index.php/Home/Index/menu
INFO: [ app_init ] --START--
INFO: Run Behavior\BuildLiteBehavior [ RunTime:0.000015s ]
INFO: [ app_init ] --END-- [ RunTime:0.000430s ]
INFO: [ app_begin ] --START--
INFO: Run Behavior\ReadHtmlCacheBehavior [ RunTime:0.000690s ]
INFO: [ app_begin ] --END-- [ RunTime:0.000737s ]
NOTIC: [2048] Declaration of Home\Controller\IndexController::show() should be compatible with Think\Controller::show($content, $charset = '', $contentType = '', $prefix = '') G:\itcast\exercise\ThinkPHP3\Application\Home\Controller\IndexController.class.php 第 175 行.
NOTIC: [8] Undefined index: category_id G:\itcast\exercise\ThinkPHP3\Application\Home\Controller\IndexController.class.php 第 131 行.
NOTIC: [8] Undefined index: title G:\itcast\exercise\ThinkPHP3\Application\Home\Controller\IndexController.class.php 第 134 行.
ERR: 无法加载数据库驱动: Think\Db\Driver\

[ 2018-07-04T17:34:02+08:00 ] 127.0.0.1 /index.php/Home/Index/menu
INFO: [ app_init ] --START--
INFO: Run Behavior\BuildLiteBehavior [ RunTime:0.000011s ]
INFO: [ app_init ] --END-- [ RunTime:0.000390s ]
INFO: [ app_begin ] --START--
INFO: Run Behavior\ReadHtmlCacheBehavior [ RunTime:0.000648s ]
INFO: [ app_begin ] --END-- [ RunTime:0.000692s ]
NOTIC: [2048] Declaration of Home\Controller\IndexController::show() should be compatible with Think\Controller::show($content, $charset = '', $contentType = '', $prefix = '') G:\itcast\exercise\ThinkPHP3\Application\Home\Controller\IndexController.class.php 第 173 行.
NOTIC: [8] Undefined index: category_id G:\itcast\exercise\ThinkPHP3\Application\Home\Controller\IndexController.class.php 第 129 行.
NOTIC: [8] Undefined index: title G:\itcast\exercise\ThinkPHP3\Application\Home\Controller\IndexController.class.php 第 132 行.
ERR: 无法加载数据库驱动: Think\Db\Driver\

[ 2018-07-04T17:34:10+08:00 ] 127.0.0.1 /index.php/Home/Index/index
INFO: [ app_init ] --START--
INFO: Run Behavior\BuildLiteBehavior [ RunTime:0.000020s ]
INFO: [ app_init ] --END-- [ RunTime:0.000573s ]
INFO: [ app_begin ] --START--
INFO: Run Behavior\ReadHtmlCacheBehavior [ RunTime:0.001034s ]
INFO: [ app_begin ] --END-- [ RunTime:0.001144s ]
NOTIC: [2048] Declaration of Home\Controller\IndexController::show() should be compatible with Think\Controller::show($content, $charset = '', $contentType = '', $prefix = '') G:\itcast\exercise\ThinkPHP3\Application\Home\Controller\IndexController.class.php 第 173 行.
NOTIC: [8] Undefined index: category_id G:\itcast\exercise\ThinkPHP3\Application\Home\Controller\IndexController.class.php 第 37 行.
NOTIC: [8] Undefined index: title G:\itcast\exercise\ThinkPHP3\Application\Home\Controller\IndexController.class.php 第 40 行.
ERR: 无法加载数据库驱动: Think\Db\Driver\

[ 2018-07-04T17:36:42+08:00 ] 127.0.0.1 /index.php/Home/Index/index
INFO: [ app_init ] --START--
INFO: Run Behavior\BuildLiteBehavior [ RunTime:0.000017s ]
INFO: [ app_init ] --END-- [ RunTime:0.000519s ]
INFO: [ app_begin ] --START--
INFO: Run Behavior\ReadHtmlCacheBehavior [ RunTime:0.000779s ]
INFO: [ app_begin ] --END-- [ RunTime:0.000846s ]
NOTIC: [2048] Declaration of Home\Controller\IndexController::show() should be compatible with Think\Controller::show($content, $charset = '', $contentType = '', $prefix = '') G:\itcast\exercise\ThinkPHP3\Application\Home\Controller\IndexController.class.php 第 171 行.
NOTIC: [8] Undefined index: category_id G:\itcast\exercise\ThinkPHP3\Application\Home\Controller\IndexController.class.php 第 37 行.
NOTIC: [8] Undefined index: title G:\itcast\exercise\ThinkPHP3\Application\Home\Controller\IndexController.class.php 第 40 行.
SQL: SHOW COLUMNS FROM `article` [ RunTime:0.0062s ]
NOTIC: [2] Invalid argument supplied for foreach() G:\itcast\exercise\ThinkPHP3\ThinkPHP\Library\Think\Db\Driver.class.php 第 504 行.
SQL: SELECT COUNT(*) AS tp_count FROM `article` LIMIT 1   [ RunTime:0.0002s ]
SQL: SHOW COLUMNS FROM `article` [ RunTime:0.0044s ]
NOTIC: [2] Invalid argument supplied for foreach() G:\itcast\exercise\ThinkPHP3\ThinkPHP\Library\Think\Db\Driver.class.php 第 504 行.
SQL: SELECT article.*,`username`,`classname` FROM `article` left join user on article.user_id=user.id left join category on article.category_id=category.id  LIMIT 0,5   [ RunTime:0.0004s ]
SQL: SHOW COLUMNS FROM `category` [ RunTime:0.0049s ]
SQL: SELECT * FROM `category`  [ RunTime:0.0002s ]
SQL: SHOW COLUMNS FROM `comment` [ RunTime:0.0053s ]
SQL: SELECT `username`,comment.addate as addate,`content` FROM `comment` left join user on user.id=comment.user_id  LIMIT 5   [ RunTime:0.0002s ]
SQL: select date_format(from_unixtime(addate),'%Y年%m月') as addate1,count(addate) as article_count from article group by addate1 [ RunTime:0.0001s ]
SQL: SHOW COLUMNS FROM `links` [ RunTime:0.0045s ]
SQL: SELECT * FROM `links`  [ RunTime:0.0002s ]
INFO: [ view_parse ] --START--
INFO: [ template_filter ] --START--
INFO: Run Behavior\ContentReplaceBehavior [ RunTime:0.000069s ]
INFO: [ template_filter ] --END-- [ RunTime:0.000111s ]
INFO: Run Behavior\ParseTemplateBehavior [ RunTime:0.011407s ]
INFO: [ view_parse ] --END-- [ RunTime:0.011458s ]
INFO: [ view_filter ] --START--
INFO: Run Behavior\WriteHtmlCacheBehavior [ RunTime:0.000413s ]
INFO: [ view_filter ] --END-- [ RunTime:0.000449s ]
INFO: [ app_end ] --START--
INFO: Run Behavior\ShowPageTraceBehavior [ RunTime:0.001182s ]
INFO: [ app_end ] --END-- [ RunTime:0.001251s ]

[ 2018-07-04T17:36:59+08:00 ] 127.0.0.1 /index.php/Home/Index/index
INFO: [ app_init ] --START--
INFO: Run Behavior\BuildLiteBehavior [ RunTime:0.000016s ]
INFO: [ app_init ] --END-- [ RunTime:0.000498s ]
INFO: [ app_begin ] --START--
INFO: Run Behavior\ReadHtmlCacheBehavior [ RunTime:0.002893s ]
INFO: [ app_begin ] --END-- [ RunTime:0.003134s ]
NOTIC: [2048] Declaration of Home\Controller\IndexController::show() should be compatible with Think\Controller::show($content, $charset = '', $contentType = '', $prefix = '') G:\itcast\exercise\ThinkPHP3\Application\Home\Controller\IndexController.class.php 第 171 行.
NOTIC: [8] Undefined index: category_id G:\itcast\exercise\ThinkPHP3\Application\Home\Controller\IndexController.class.php 第 37 行.
SQL: SHOW COLUMNS FROM `article` [ RunTime:0.0049s ]
SQL: SELECT COUNT(*) AS tp_count FROM `article` WHERE ( 1 and title like '%中国%' ) LIMIT 1   [ RunTime:0.0013s ]
SQL: SHOW COLUMNS FROM `article` [ RunTime:0.0043s ]
SQL: SELECT article.*,`username`,`classname` FROM `article` left join user on article.user_id=user.id left join category on article.category_id=category.id  WHERE ( 1 and title like '%中国%' ) LIMIT 0,5   [ RunTime:0.0018s ]
SQL: SHOW COLUMNS FROM `category` [ RunTime:0.0042s ]
SQL: SELECT * FROM `category`  [ RunTime:0.0002s ]
SQL: SHOW COLUMNS FROM `comment` [ RunTime:0.0039s ]
SQL: SELECT `username`,comment.addate as addate,`content` FROM `comment` left join user on user.id=comment.user_id  LIMIT 5   [ RunTime:0.0002s ]
SQL: select date_format(from_unixtime(addate),'%Y年%m月') as addate1,count(addate) as article_count from article group by addate1 [ RunTime:0.0001s ]
SQL: SHOW COLUMNS FROM `links` [ RunTime:0.0040s ]
SQL: SELECT * FROM `links`  [ RunTime:0.0001s ]
INFO: [ view_parse ] --START--
INFO: [ template_filter ] --START--
INFO: Run Behavior\ContentReplaceBehavior [ RunTime:0.000046s ]
INFO: [ template_filter ] --END-- [ RunTime:0.000091s ]
INFO: Run Behavior\ParseTemplateBehavior [ RunTime:0.011450s ]
INFO: [ view_parse ] --END-- [ RunTime:0.011506s ]
INFO: [ view_filter ] --START--
INFO: Run Behavior\WriteHtmlCacheBehavior [ RunTime:0.000325s ]
INFO: [ view_filter ] --END-- [ RunTime:0.000361s ]
INFO: [ app_end ] --START--
INFO: Run Behavior\ShowPageTraceBehavior [ RunTime:0.000771s ]
INFO: [ app_end ] --END-- [ RunTime:0.000823s ]

[ 2018-07-04T17:37:05+08:00 ] 127.0.0.1 /index.php/Home/Index/index?category_id=1
INFO: [ app_init ] --START--
INFO: Run Behavior\BuildLiteBehavior [ RunTime:0.000025s ]
INFO: [ app_init ] --END-- [ RunTime:0.000626s ]
INFO: [ app_begin ] --START--
INFO: Run Behavior\ReadHtmlCacheBehavior [ RunTime:0.000908s ]
INFO: [ app_begin ] --END-- [ RunTime:0.001002s ]
NOTIC: [2048] Declaration of Home\Controller\IndexController::show() should be compatible with Think\Controller::show($content, $charset = '', $contentType = '', $prefix = '') G:\itcast\exercise\ThinkPHP3\Application\Home\Controller\IndexController.class.php 第 171 行.
NOTIC: [8] Undefined index: title G:\itcast\exercise\ThinkPHP3\Application\Home\Controller\IndexController.class.php 第 40 行.
SQL: SHOW COLUMNS FROM `article` [ RunTime:0.0044s ]
SQL: SELECT COUNT(*) AS tp_count FROM `article` WHERE ( 1 and category_id=1 ) LIMIT 1   [ RunTime:0.0005s ]
SQL: SHOW COLUMNS FROM `article` [ RunTime:0.0054s ]
SQL: SELECT article.*,`username`,`classname` FROM `article` left join user on article.user_id=user.id left join category on article.category_id=category.id  WHERE ( 1 and category_id=1 ) LIMIT 0,5   [ RunTime:0.0006s ]
SQL: SHOW COLUMNS FROM `category` [ RunTime:0.0043s ]
SQL: SELECT * FROM `category`  [ RunTime:0.0002s ]
SQL: SHOW COLUMNS FROM `comment` [ RunTime:0.0045s ]
SQL: SELECT `username`,comment.addate as addate,`content` FROM `comment` left join user on user.id=comment.user_id  LIMIT 5   [ RunTime:0.0002s ]
SQL: select date_format(from_unixtime(addate),'%Y年%m月') as addate1,count(addate) as article_count from article group by addate1 [ RunTime:0.0002s ]
SQL: SHOW COLUMNS FROM `links` [ RunTime:0.0045s ]
SQL: SELECT * FROM `links`  [ RunTime:0.0002s ]
INFO: [ view_parse ] --START--
INFO: [ template_filter ] --START--
INFO: Run Behavior\ContentReplaceBehavior [ RunTime:0.000041s ]
INFO: [ template_filter ] --END-- [ RunTime:0.000082s ]
INFO: Run Behavior\ParseTemplateBehavior [ RunTime:0.010182s ]
INFO: [ view_parse ] --END-- [ RunTime:0.010230s ]
INFO: [ view_filter ] --START--
INFO: Run Behavior\WriteHtmlCacheBehavior [ RunTime:0.000214s ]
INFO: [ view_filter ] --END-- [ RunTime:0.000243s ]
INFO: [ app_end ] --START--
INFO: Run Behavior\ShowPageTraceBehavior [ RunTime:0.000578s ]
INFO: [ app_end ] --END-- [ RunTime:0.000622s ]

[ 2018-07-04T17:37:10+08:00 ] 127.0.0.1 /index.php/Home/Index/menu
INFO: [ app_init ] --START--
INFO: Run Behavior\BuildLiteBehavior [ RunTime:0.000013s ]
INFO: [ app_init ] --END-- [ RunTime:0.000377s ]
INFO: [ app_begin ] --START--
INFO: Run Behavior\ReadHtmlCacheBehavior [ RunTime:0.000549s ]
INFO: [ app_begin ] --END-- [ RunTime:0.000591s ]
NOTIC: [2048] Declaration of Home\Controller\IndexController::show() should be compatible with Think\Controller::show($content, $charset = '', $contentType = '', $prefix = '') G:\itcast\exercise\ThinkPHP3\Application\Home\Controller\IndexController.class.php 第 171 行.
NOTIC: [8] Undefined index: category_id G:\itcast\exercise\ThinkPHP3\Application\Home\Controller\IndexController.class.php 第 127 行.
NOTIC: [8] Undefined index: title G:\itcast\exercise\ThinkPHP3\Application\Home\Controller\IndexController.class.php 第 130 行.
SQL: SHOW COLUMNS FROM `article` [ RunTime:0.0056s ]
NOTIC: [2] Invalid argument supplied for foreach() G:\itcast\exercise\ThinkPHP3\ThinkPHP\Library\Think\Db\Driver.class.php 第 504 行.
SQL: SELECT COUNT(*) AS tp_count FROM `article` LIMIT 1   [ RunTime:0.0003s ]
SQL: SHOW COLUMNS FROM `article` [ RunTime:0.0046s ]
NOTIC: [2] Invalid argument supplied for foreach() G:\itcast\exercise\ThinkPHP3\ThinkPHP\Library\Think\Db\Driver.class.php 第 504 行.
SQL: SELECT article.*,`username`,`classname` FROM `article` left join user on article.user_id=user.id left join category on article.category_id=category.id  LIMIT 0,35   [ RunTime:0.0007s ]
SQL: SHOW COLUMNS FROM `category` [ RunTime:0.0039s ]
SQL: SELECT * FROM `category`  [ RunTime:0.0002s ]
SQL: SHOW COLUMNS FROM `comment` [ RunTime:0.0040s ]
SQL: SELECT `username`,comment.addate as addate,`content` FROM `comment` left join user on user.id=comment.user_id  LIMIT 5   [ RunTime:0.0002s ]
SQL: select date_format(from_unixtime(addate),'%Y年%m月') as addate1,count(addate) as article_count from article group by addate1 [ RunTime:0.0001s ]
SQL: SHOW COLUMNS FROM `links` [ RunTime:0.0039s ]
SQL: SELECT * FROM `links`  [ RunTime:0.0002s ]
INFO: [ view_parse ] --START--
INFO: [ template_filter ] --START--
INFO: Run Behavior\ContentReplaceBehavior [ RunTime:0.000405s ]
INFO: [ template_filter ] --END-- [ RunTime:0.000605s ]
INFO: Run Behavior\ParseTemplateBehavior [ RunTime:0.102694s ]
INFO: [ view_parse ] --END-- [ RunTime:0.102823s ]
INFO: [ view_filter ] --START--
INFO: Run Behavior\WriteHtmlCacheBehavior [ RunTime:0.000784s ]
INFO: [ view_filter ] --END-- [ RunTime:0.000924s ]
INFO: [ app_end ] --START--
INFO: Run Behavior\ShowPageTraceBehavior [ RunTime:0.001793s ]
INFO: [ app_end ] --END-- [ RunTime:0.001949s ]

[ 2018-07-04T17:37:19+08:00 ] 127.0.0.1 /index.php/Home/Index/content?id=25
INFO: [ app_init ] --START--
INFO: Run Behavior\BuildLiteBehavior [ RunTime:0.000027s ]
INFO: [ app_init ] --END-- [ RunTime:0.000404s ]
INFO: [ app_begin ] --START--
INFO: Run Behavior\ReadHtmlCacheBehavior [ RunTime:0.001572s ]
INFO: [ app_begin ] --END-- [ RunTime:0.001777s ]
NOTIC: [2048] Declaration of Home\Controller\IndexController::show() should be compatible with Think\Controller::show($content, $charset = '', $contentType = '', $prefix = '') G:\itcast\exercise\ThinkPHP3\Application\Home\Controller\IndexController.class.php 第 171 行.
SQL: SHOW COLUMNS FROM `article` [ RunTime:0.0048s ]
SQL: update article set `read`=`read`+1 where id=25 [ RunTime:0.0005s ]
SQL: SHOW COLUMNS FROM `article` [ RunTime:0.0054s ]
SQL: SELECT article.*,user.username,category.classname FROM `article` left join user on article.user_id=user.id left join category on article.category_id=category.id  WHERE ( article.id=25 )  [ RunTime:0.0004s ]
SQL: SELECT * FROM `article` WHERE ( id<25 ) ORDER BY id desc LIMIT 1   [ RunTime:0.0003s ]
SQL: SELECT * FROM `article` WHERE ( id>25 ) ORDER BY id asc LIMIT 1   [ RunTime:0.0003s ]
SQL: SHOW COLUMNS FROM `comment` [ RunTime:0.0043s ]
SQL: SELECT comment.*,`username` FROM `comment` left join user on user.id=comment.user_id  WHERE ( article_id=25 )  [ RunTime:0.0780s ]
SQL: SHOW COLUMNS FROM `category` [ RunTime:0.0117s ]
SQL: SELECT * FROM `category`  [ RunTime:0.0005s ]
SQL: SHOW COLUMNS FROM `comment` [ RunTime:0.0109s ]
SQL: SELECT `username`,comment.addate as addate,`content` FROM `comment` left join user on user.id=comment.user_id  LIMIT 5   [ RunTime:0.0006s ]
SQL: select date_format(from_unixtime(addate),'%Y年%m月') as addate1,count(addate) as article_count from article group by addate1 [ RunTime:0.0025s ]
SQL: SHOW COLUMNS FROM `links` [ RunTime:0.0110s ]
SQL: SELECT * FROM `links`  [ RunTime:0.0003s ]
INFO: [ view_parse ] --START--
INFO: [ template_filter ] --START--
INFO: Run Behavior\ContentReplaceBehavior [ RunTime:0.000158s ]
INFO: [ template_filter ] --END-- [ RunTime:0.000286s ]
INFO: Run Behavior\ParseTemplateBehavior [ RunTime:0.061796s ]
INFO: [ view_parse ] --END-- [ RunTime:0.061922s ]
INFO: [ view_filter ] --START--
INFO: Run Behavior\WriteHtmlCacheBehavior [ RunTime:0.000718s ]
INFO: [ view_filter ] --END-- [ RunTime:0.000817s ]
INFO: [ app_end ] --START--
INFO: Run Behavior\ShowPageTraceBehavior [ RunTime:0.001745s ]
INFO: [ app_end ] --END-- [ RunTime:0.001881s ]

[ 2018-07-04T17:37:29+08:00 ] 127.0.0.1 /index.php/Home/Index/show
INFO: [ app_init ] --START--
INFO: Run Behavior\BuildLiteBehavior [ RunTime:0.000024s ]
INFO: [ app_init ] --END-- [ RunTime:0.000663s ]
INFO: [ app_begin ] --START--
INFO: Run Behavior\ReadHtmlCacheBehavior [ RunTime:0.001086s ]
INFO: [ app_begin ] --END-- [ RunTime:0.001178s ]
NOTIC: [2048] Declaration of Home\Controller\IndexController::show() should be compatible with Think\Controller::show($content, $charset = '', $contentType = '', $prefix = '') G:\itcast\exercise\ThinkPHP3\Application\Home\Controller\IndexController.class.php 第 171 行.
SQL: SHOW COLUMNS FROM `category` [ RunTime:0.0058s ]
SQL: SELECT * FROM `category`  [ RunTime:0.0002s ]
SQL: SHOW COLUMNS FROM `comment` [ RunTime:0.0049s ]
SQL: SELECT `username`,comment.addate as addate,`content` FROM `comment` left join user on user.id=comment.user_id  LIMIT 5   [ RunTime:0.0002s ]
SQL: SHOW COLUMNS FROM `article` [ RunTime:0.0047s ]
SQL: select date_format(from_unixtime(addate),'%Y年%m月') as addate1,count(addate) as article_count from article group by addate1 [ RunTime:0.0002s ]
SQL: SHOW COLUMNS FROM `links` [ RunTime:0.0047s ]
SQL: SELECT * FROM `links`  [ RunTime:0.0002s ]
INFO: [ view_parse ] --START--
INFO: [ template_filter ] --START--
INFO: Run Behavior\ContentReplaceBehavior [ RunTime:0.000081s ]
INFO: [ template_filter ] --END-- [ RunTime:0.000133s ]
INFO: Run Behavior\ParseTemplateBehavior [ RunTime:0.038300s ]
INFO: [ view_parse ] --END-- [ RunTime:0.038365s ]
INFO: [ view_filter ] --START--
INFO: Run Behavior\WriteHtmlCacheBehavior [ RunTime:0.000263s ]
INFO: [ view_filter ] --END-- [ RunTime:0.000305s ]
INFO: [ app_end ] --START--
INFO: Run Behavior\ShowPageTraceBehavior [ RunTime:0.001009s ]
INFO: [ app_end ] --END-- [ RunTime:0.001137s ]

[ 2018-07-04T17:37:29+08:00 ] 127.0.0.1 /index.php/Home/Index/favicon.ico
INFO: [ app_init ] --START--
INFO: Run Behavior\BuildLiteBehavior [ RunTime:0.000023s ]
INFO: [ app_init ] --END-- [ RunTime:0.000545s ]

[ 2018-07-04T17:37:33+08:00 ] 127.0.0.1 /index.php/Home/Index/about
INFO: [ app_init ] --START--
INFO: Run Behavior\BuildLiteBehavior [ RunTime:0.000026s ]
INFO: [ app_init ] --END-- [ RunTime:0.000366s ]
INFO: [ app_begin ] --START--
INFO: Run Behavior\ReadHtmlCacheBehavior [ RunTime:0.003520s ]
INFO: [ app_begin ] --END-- [ RunTime:0.003644s ]
NOTIC: [2048] Declaration of Home\Controller\IndexController::show() should be compatible with Think\Controller::show($content, $charset = '', $contentType = '', $prefix = '') G:\itcast\exercise\ThinkPHP3\Application\Home\Controller\IndexController.class.php 第 171 行.
SQL: SHOW COLUMNS FROM `category` [ RunTime:0.0062s ]
SQL: SELECT * FROM `category`  [ RunTime:0.0002s ]
SQL: SHOW COLUMNS FROM `comment` [ RunTime:0.0041s ]
SQL: SELECT `username`,comment.addate as addate,`content` FROM `comment` left join user on user.id=comment.user_id  LIMIT 5   [ RunTime:0.0002s ]
SQL: SHOW COLUMNS FROM `article` [ RunTime:0.0043s ]
SQL: select date_format(from_unixtime(addate),'%Y年%m月') as addate1,count(addate) as article_count from article group by addate1 [ RunTime:0.0002s ]
SQL: SHOW COLUMNS FROM `links` [ RunTime:0.0056s ]
SQL: SELECT * FROM `links`  [ RunTime:0.0002s ]
INFO: [ view_parse ] --START--
INFO: [ template_filter ] --START--
INFO: Run Behavior\ContentReplaceBehavior [ RunTime:0.000043s ]
INFO: [ template_filter ] --END-- [ RunTime:0.000087s ]
INFO: Run Behavior\ParseTemplateBehavior [ RunTime:0.010619s ]
INFO: [ view_parse ] --END-- [ RunTime:0.010676s ]
INFO: [ view_filter ] --START--
INFO: Run Behavior\WriteHtmlCacheBehavior [ RunTime:0.000214s ]
INFO: [ view_filter ] --END-- [ RunTime:0.000243s ]
INFO: [ app_end ] --START--
INFO: Run Behavior\ShowPageTraceBehavior [ RunTime:0.000738s ]
INFO: [ app_end ] --END-- [ RunTime:0.000784s ]

[ 2018-07-04T17:37:42+08:00 ] 127.0.0.1 /index.php
INFO: [ app_init ] --START--
INFO: Run Behavior\BuildLiteBehavior [ RunTime:0.000017s ]
INFO: [ app_init ] --END-- [ RunTime:0.000457s ]
INFO: [ app_begin ] --START--
INFO: Run Behavior\ReadHtmlCacheBehavior [ RunTime:0.000754s ]
INFO: [ app_begin ] --END-- [ RunTime:0.000821s ]
NOTIC: [2048] Declaration of Home\Controller\IndexController::show() should be compatible with Think\Controller::show($content, $charset = '', $contentType = '', $prefix = '') G:\itcast\exercise\ThinkPHP3\Application\Home\Controller\IndexController.class.php 第 171 行.
NOTIC: [8] Undefined index: category_id G:\itcast\exercise\ThinkPHP3\Application\Home\Controller\IndexController.class.php 第 37 行.
NOTIC: [8] Undefined index: title G:\itcast\exercise\ThinkPHP3\Application\Home\Controller\IndexController.class.php 第 40 行.
SQL: SHOW COLUMNS FROM `article` [ RunTime:0.0044s ]
NOTIC: [2] Invalid argument supplied for foreach() G:\itcast\exercise\ThinkPHP3\ThinkPHP\Library\Think\Db\Driver.class.php 第 504 行.
SQL: SELECT COUNT(*) AS tp_count FROM `article` LIMIT 1   [ RunTime:0.0002s ]
SQL: SHOW COLUMNS FROM `article` [ RunTime:0.0044s ]
NOTIC: [2] Invalid argument supplied for foreach() G:\itcast\exercise\ThinkPHP3\ThinkPHP\Library\Think\Db\Driver.class.php 第 504 行.
SQL: SELECT article.*,`username`,`classname` FROM `article` left join user on article.user_id=user.id left join category on article.category_id=category.id  LIMIT 0,5   [ RunTime:0.0005s ]
SQL: SHOW COLUMNS FROM `category` [ RunTime:0.0038s ]
SQL: SELECT * FROM `category`  [ RunTime:0.0002s ]
SQL: SHOW COLUMNS FROM `comment` [ RunTime:0.0042s ]
SQL: SELECT `username`,comment.addate as addate,`content` FROM `comment` left join user on user.id=comment.user_id  LIMIT 5   [ RunTime:0.0002s ]
SQL: select date_format(from_unixtime(addate),'%Y年%m月') as addate1,count(addate) as article_count from article group by addate1 [ RunTime:0.0001s ]
SQL: SHOW COLUMNS FROM `links` [ RunTime:0.0039s ]
SQL: SELECT * FROM `links`  [ RunTime:0.0002s ]
INFO: [ view_parse ] --START--
INFO: [ template_filter ] --START--
INFO: Run Behavior\ContentReplaceBehavior [ RunTime:0.000117s ]
INFO: [ template_filter ] --END-- [ RunTime:0.000227s ]
INFO: Run Behavior\ParseTemplateBehavior [ RunTime:0.013597s ]
INFO: [ view_parse ] --END-- [ RunTime:0.013675s ]
INFO: [ view_filter ] --START--
INFO: Run Behavior\WriteHtmlCacheBehavior [ RunTime:0.000466s ]
INFO: [ view_filter ] --END-- [ RunTime:0.000526s ]
INFO: [ app_end ] --START--
INFO: Run Behavior\ShowPageTraceBehavior [ RunTime:0.001248s ]
INFO: [ app_end ] --END-- [ RunTime:0.001386s ]

[ 2018-07-04T19:08:11+08:00 ] 127.0.0.1 /
INFO: [ app_init ] --START--
INFO: Run Behavior\BuildLiteBehavior [ RunTime:0.000030s ]
INFO: [ app_init ] --END-- [ RunTime:0.000809s ]
INFO: [ app_begin ] --START--
INFO: Run Behavior\ReadHtmlCacheBehavior [ RunTime:0.000753s ]
INFO: [ app_begin ] --END-- [ RunTime:0.000812s ]
NOTIC: [2048] Declaration of Home\Controller\IndexController::show() should be compatible with Think\Controller::show($content, $charset = '', $contentType = '', $prefix = '') G:\itcast\exercise\ThinkPHP3\Application\Home\Controller\IndexController.class.php 第 171 行.
NOTIC: [8] Undefined index: category_id G:\itcast\exercise\ThinkPHP3\Application\Home\Controller\IndexController.class.php 第 37 行.
NOTIC: [8] Undefined index: title G:\itcast\exercise\ThinkPHP3\Application\Home\Controller\IndexController.class.php 第 40 行.
SQL: SHOW COLUMNS FROM `article` [ RunTime:0.0063s ]
NOTIC: [2] Invalid argument supplied for foreach() G:\itcast\exercise\ThinkPHP3\ThinkPHP\Library\Think\Db\Driver.class.php 第 504 行.
SQL: SELECT COUNT(*) AS tp_count FROM `article` LIMIT 1   [ RunTime:0.0006s ]
SQL: SHOW COLUMNS FROM `article` [ RunTime:0.0057s ]
NOTIC: [2] Invalid argument supplied for foreach() G:\itcast\exercise\ThinkPHP3\ThinkPHP\Library\Think\Db\Driver.class.php 第 504 行.
SQL: SELECT article.*,`username`,`classname` FROM `article` left join user on article.user_id=user.id left join category on article.category_id=category.id  LIMIT 0,5   [ RunTime:0.0014s ]
SQL: SHOW COLUMNS FROM `category` [ RunTime:0.0066s ]
SQL: SELECT * FROM `category`  [ RunTime:0.0002s ]
SQL: SHOW COLUMNS FROM `comment` [ RunTime:0.0062s ]
SQL: SELECT `username`,comment.addate as addate,`content` FROM `comment` left join user on user.id=comment.user_id  LIMIT 5   [ RunTime:0.0006s ]
SQL: select date_format(from_unixtime(addate),'%Y年%m月') as addate1,count(addate) as article_count from article group by addate1 [ RunTime:0.0001s ]
SQL: SHOW COLUMNS FROM `links` [ RunTime:0.0053s ]
SQL: SELECT * FROM `links`  [ RunTime:0.0002s ]
INFO: [ view_parse ] --START--
INFO: [ template_filter ] --START--
INFO: Run Behavior\ContentReplaceBehavior [ RunTime:0.000051s ]
INFO: [ template_filter ] --END-- [ RunTime:0.000100s ]
INFO: Run Behavior\ParseTemplateBehavior [ RunTime:0.017312s ]
INFO: [ view_parse ] --END-- [ RunTime:0.017400s ]
INFO: [ view_filter ] --START--
INFO: Run Behavior\WriteHtmlCacheBehavior [ RunTime:0.000489s ]
INFO: [ view_filter ] --END-- [ RunTime:0.000542s ]
INFO: [ app_end ] --START--
INFO: Run Behavior\ShowPageTraceBehavior [ RunTime:0.001022s ]
INFO: [ app_end ] --END-- [ RunTime:0.001098s ]

[ 2018-07-04T21:44:39+08:00 ] 127.0.0.1 /index.php
INFO: [ app_init ] --START--
INFO: Run Behavior\BuildLiteBehavior [ RunTime:0.000013s ]
INFO: [ app_init ] --END-- [ RunTime:0.000375s ]
INFO: [ app_begin ] --START--
INFO: Run Behavior\ReadHtmlCacheBehavior [ RunTime:0.000688s ]
INFO: [ app_begin ] --END-- [ RunTime:0.000740s ]
NOTIC: [2048] Declaration of Home\Controller\IndexController::show() should be compatible with Think\Controller::show($content, $charset = '', $contentType = '', $prefix = '') G:\itcast\exercise\ThinkPHP3\Application\Home\Controller\IndexController.class.php 第 171 行.
NOTIC: [8] Undefined index: category_id G:\itcast\exercise\ThinkPHP3\Application\Home\Controller\IndexController.class.php 第 37 行.
NOTIC: [8] Undefined index: title G:\itcast\exercise\ThinkPHP3\Application\Home\Controller\IndexController.class.php 第 40 行.
SQL: SHOW COLUMNS FROM `article` [ RunTime:0.0057s ]
NOTIC: [2] Invalid argument supplied for foreach() G:\itcast\exercise\ThinkPHP3\ThinkPHP\Library\Think\Db\Driver.class.php 第 504 行.
SQL: SELECT COUNT(*) AS tp_count FROM `article` LIMIT 1   [ RunTime:0.0002s ]
SQL: SHOW COLUMNS FROM `article` [ RunTime:0.0042s ]
NOTIC: [2] Invalid argument supplied for foreach() G:\itcast\exercise\ThinkPHP3\ThinkPHP\Library\Think\Db\Driver.class.php 第 504 行.
SQL: SELECT article.*,`username`,`classname` FROM `article` left join user on article.user_id=user.id left join category on article.category_id=category.id  LIMIT 0,5   [ RunTime:0.0013s ]
SQL: SHOW COLUMNS FROM `category` [ RunTime:0.0040s ]
SQL: SELECT * FROM `category`  [ RunTime:0.0002s ]
SQL: SHOW COLUMNS FROM `comment` [ RunTime:0.0044s ]
SQL: SELECT `username`,comment.addate as addate,`content` FROM `comment` left join user on user.id=comment.user_id  LIMIT 5   [ RunTime:0.0004s ]
SQL: select date_format(from_unixtime(addate),'%Y年%m月') as addate1,count(addate) as article_count from article group by addate1 [ RunTime:0.0001s ]
SQL: SHOW COLUMNS FROM `links` [ RunTime:0.0044s ]
SQL: SELECT * FROM `links`  [ RunTime:0.0001s ]
INFO: [ view_parse ] --START--
INFO: [ template_filter ] --START--
INFO: Run Behavior\ContentReplaceBehavior [ RunTime:0.000043s ]
INFO: [ template_filter ] --END-- [ RunTime:0.000085s ]
INFO: Run Behavior\ParseTemplateBehavior [ RunTime:0.011414s ]
INFO: [ view_parse ] --END-- [ RunTime:0.011470s ]
INFO: [ view_filter ] --START--
INFO: Run Behavior\WriteHtmlCacheBehavior [ RunTime:0.000329s ]
INFO: [ view_filter ] --END-- [ RunTime:0.000359s ]
INFO: [ app_end ] --START--
INFO: Run Behavior\ShowPageTraceBehavior [ RunTime:0.000637s ]
INFO: [ app_end ] --END-- [ RunTime:0.000685s ]

