[ 2018-07-07T08:29:30+08:00 ] 127.0.0.1 /
INFO: [ app_init ] --START--
INFO: Run Behavior\BuildLiteBehavior [ RunTime:0.000018s ]
INFO: [ app_init ] --END-- [ RunTime:0.000452s ]
INFO: [ app_begin ] --START--
INFO: Run Behavior\ReadHtmlCacheBehavior [ RunTime:0.000868s ]
INFO: [ app_begin ] --END-- [ RunTime:0.000928s ]
NOTIC: [2048] Declaration of Home\Controller\IndexController::show() should be compatible with Think\Controller::show($content, $charset = '', $contentType = '', $prefix = '') G:\itcast\exercise\ThinkPHP3\Application\Home\Controller\IndexController.class.php 第 171 行.
NOTIC: [8] Undefined index: category_id G:\itcast\exercise\ThinkPHP3\Application\Home\Controller\IndexController.class.php 第 37 行.
NOTIC: [8] Undefined index: title G:\itcast\exercise\ThinkPHP3\Application\Home\Controller\IndexController.class.php 第 40 行.
SQL: SHOW COLUMNS FROM `article` [ RunTime:0.0106s ]
NOTIC: [2] Invalid argument supplied for foreach() G:\itcast\exercise\ThinkPHP3\ThinkPHP\Library\Think\Db\Driver.class.php 第 504 行.
SQL: SELECT COUNT(*) AS tp_count FROM `article` LIMIT 1   [ RunTime:0.0008s ]
SQL: SHOW COLUMNS FROM `article` [ RunTime:0.0064s ]
NOTIC: [2] Invalid argument supplied for foreach() G:\itcast\exercise\ThinkPHP3\ThinkPHP\Library\Think\Db\Driver.class.php 第 504 行.
SQL: SELECT article.*,`username`,`classname` FROM `article` left join user on article.user_id=user.id left join category on article.category_id=category.id  LIMIT 0,5   [ RunTime:0.0036s ]
SQL: SHOW COLUMNS FROM `category` [ RunTime:0.0055s ]
SQL: SELECT * FROM `category`  [ RunTime:0.0002s ]
SQL: SHOW COLUMNS FROM `comment` [ RunTime:0.0062s ]
SQL: SELECT `username`,comment.addate as addate,`content` FROM `comment` left join user on user.id=comment.user_id  LIMIT 5   [ RunTime:0.0003s ]
SQL: select date_format(from_unixtime(addate),'%Y年%m月') as addate1,count(addate) as article_count from article group by addate1 [ RunTime:0.0002s ]
SQL: SHOW COLUMNS FROM `links` [ RunTime:0.0060s ]
SQL: SELECT * FROM `links`  [ RunTime:0.0005s ]
INFO: [ view_parse ] --START--
INFO: [ template_filter ] --START--
INFO: Run Behavior\ContentReplaceBehavior [ RunTime:0.000051s ]
INFO: [ template_filter ] --END-- [ RunTime:0.000101s ]
INFO: Run Behavior\ParseTemplateBehavior [ RunTime:0.048959s ]
INFO: [ view_parse ] --END-- [ RunTime:0.049029s ]
INFO: [ view_filter ] --START--
INFO: Run Behavior\WriteHtmlCacheBehavior [ RunTime:0.000380s ]
INFO: [ view_filter ] --END-- [ RunTime:0.000414s ]
INFO: [ app_end ] --START--
INFO: Run Behavior\ShowPageTraceBehavior [ RunTime:0.000916s ]
INFO: [ app_end ] --END-- [ RunTime:0.000977s ]

[ 2018-07-07T14:16:24+08:00 ] 127.0.0.1 /
INFO: [ app_init ] --START--
INFO: Run Behavior\BuildLiteBehavior [ RunTime:0.000028s ]
INFO: [ app_init ] --END-- [ RunTime:0.000827s ]
INFO: [ app_begin ] --START--
INFO: Run Behavior\ReadHtmlCacheBehavior [ RunTime:0.001034s ]
INFO: [ app_begin ] --END-- [ RunTime:0.001111s ]
NOTIC: [2048] Declaration of Home\Controller\IndexController::show() should be compatible with Think\Controller::show($content, $charset = '', $contentType = '', $prefix = '') G:\itcast\exercise\ThinkPHP3\Application\Home\Controller\IndexController.class.php 第 171 行.
NOTIC: [8] Undefined index: category_id G:\itcast\exercise\ThinkPHP3\Application\Home\Controller\IndexController.class.php 第 37 行.
NOTIC: [8] Undefined index: title G:\itcast\exercise\ThinkPHP3\Application\Home\Controller\IndexController.class.php 第 40 行.
SQL: SHOW COLUMNS FROM `article` [ RunTime:0.0229s ]
NOTIC: [2] Invalid argument supplied for foreach() G:\itcast\exercise\ThinkPHP3\ThinkPHP\Library\Think\Db\Driver.class.php 第 504 行.
SQL: SELECT COUNT(*) AS tp_count FROM `article` LIMIT 1   [ RunTime:0.0009s ]
SQL: SHOW COLUMNS FROM `article` [ RunTime:0.0049s ]
NOTIC: [2] Invalid argument supplied for foreach() G:\itcast\exercise\ThinkPHP3\ThinkPHP\Library\Think\Db\Driver.class.php 第 504 行.
SQL: SELECT article.*,`username`,`classname` FROM `article` left join user on article.user_id=user.id left join category on article.category_id=category.id  LIMIT 0,5   [ RunTime:0.0606s ]
SQL: SHOW COLUMNS FROM `category` [ RunTime:0.0042s ]
SQL: SELECT * FROM `category`  [ RunTime:0.0002s ]
SQL: SHOW COLUMNS FROM `comment` [ RunTime:0.0092s ]
SQL: SELECT `username`,comment.addate as addate,`content` FROM `comment` left join user on user.id=comment.user_id  LIMIT 5   [ RunTime:0.0081s ]
SQL: select date_format(from_unixtime(addate),'%Y年%m月') as addate1,count(addate) as article_count from article group by addate1 [ RunTime:0.0010s ]
SQL: SHOW COLUMNS FROM `links` [ RunTime:0.0177s ]
SQL: SELECT * FROM `links`  [ RunTime:0.0003s ]
INFO: [ view_parse ] --START--
INFO: [ template_filter ] --START--
INFO: Run Behavior\ContentReplaceBehavior [ RunTime:0.000050s ]
INFO: [ template_filter ] --END-- [ RunTime:0.000094s ]
INFO: Run Behavior\ParseTemplateBehavior [ RunTime:0.012562s ]
INFO: [ view_parse ] --END-- [ RunTime:0.012613s ]
INFO: [ view_filter ] --START--
INFO: Run Behavior\WriteHtmlCacheBehavior [ RunTime:0.000435s ]
INFO: [ view_filter ] --END-- [ RunTime:0.000468s ]
INFO: [ app_end ] --START--
INFO: Run Behavior\ShowPageTraceBehavior [ RunTime:0.000962s ]
INFO: [ app_end ] --END-- [ RunTime:0.001020s ]

[ 2018-07-07T19:05:18+08:00 ] 127.0.0.1 /
INFO: [ app_init ] --START--
INFO: Run Behavior\BuildLiteBehavior [ RunTime:0.000022s ]
INFO: [ app_init ] --END-- [ RunTime:0.019152s ]
INFO: [ app_begin ] --START--
INFO: Run Behavior\ReadHtmlCacheBehavior [ RunTime:0.001804s ]
INFO: [ app_begin ] --END-- [ RunTime:0.001867s ]
NOTIC: [2048] Declaration of Home\Controller\IndexController::show() should be compatible with Think\Controller::show($content, $charset = '', $contentType = '', $prefix = '') G:\itcast\exercise\ThinkPHP3\Application\Home\Controller\IndexController.class.php 第 171 行.
NOTIC: [8] Undefined index: category_id G:\itcast\exercise\ThinkPHP3\Application\Home\Controller\IndexController.class.php 第 37 行.
NOTIC: [8] Undefined index: title G:\itcast\exercise\ThinkPHP3\Application\Home\Controller\IndexController.class.php 第 40 行.
SQL: SHOW COLUMNS FROM `article` [ RunTime:0.0096s ]
NOTIC: [2] Invalid argument supplied for foreach() G:\itcast\exercise\ThinkPHP3\ThinkPHP\Library\Think\Db\Driver.class.php 第 504 行.
SQL: SELECT COUNT(*) AS tp_count FROM `article` LIMIT 1   [ RunTime:0.0005s ]
SQL: SHOW COLUMNS FROM `article` [ RunTime:0.0060s ]
NOTIC: [2] Invalid argument supplied for foreach() G:\itcast\exercise\ThinkPHP3\ThinkPHP\Library\Think\Db\Driver.class.php 第 504 行.
SQL: SELECT article.*,`username`,`classname` FROM `article` left join user on article.user_id=user.id left join category on article.category_id=category.id  LIMIT 0,5   [ RunTime:0.0005s ]
SQL: SHOW COLUMNS FROM `category` [ RunTime:0.0051s ]
SQL: SELECT * FROM `category`  [ RunTime:0.0003s ]
SQL: SHOW COLUMNS FROM `comment` [ RunTime:0.0054s ]
SQL: SELECT `username`,comment.addate as addate,`content` FROM `comment` left join user on user.id=comment.user_id  LIMIT 5   [ RunTime:0.0003s ]
SQL: select date_format(from_unixtime(addate),'%Y年%m月') as addate1,count(addate) as article_count from article group by addate1 [ RunTime:0.0002s ]
SQL: SHOW COLUMNS FROM `links` [ RunTime:0.0056s ]
SQL: SELECT * FROM `links`  [ RunTime:0.0002s ]
INFO: [ view_parse ] --START--
INFO: [ template_filter ] --START--
INFO: Run Behavior\ContentReplaceBehavior [ RunTime:0.000957s ]
INFO: [ template_filter ] --END-- [ RunTime:0.001012s ]
INFO: Run Behavior\ParseTemplateBehavior [ RunTime:0.033800s ]
INFO: [ view_parse ] --END-- [ RunTime:0.033855s ]
INFO: [ view_filter ] --START--
INFO: Run Behavior\WriteHtmlCacheBehavior [ RunTime:0.000950s ]
INFO: [ view_filter ] --END-- [ RunTime:0.000995s ]
INFO: [ app_end ] --START--
INFO: Run Behavior\ShowPageTraceBehavior [ RunTime:0.001280s ]
INFO: [ app_end ] --END-- [ RunTime:0.001334s ]

