[ 2018-08-13T21:58:25+08:00 ] 127.0.0.1 /
INFO: [ app_init ] --START--
INFO: Run Behavior\BuildLiteBehavior [ RunTime:0.000055s ]
INFO: [ app_init ] --END-- [ RunTime:0.022980s ]
INFO: [ app_begin ] --START--
INFO: Run Behavior\ReadHtmlCacheBehavior [ RunTime:0.002443s ]
INFO: [ app_begin ] --END-- [ RunTime:0.002597s ]
NOTIC: [2] Declaration of Home\Controller\IndexController::show() should be compatible with Think\Controller::show($content, $charset = '', $contentType = '', $prefix = '') G:\itcast\case\ThinkPHP3\Application\Home\Controller\IndexController.class.php 第 194 行.
NOTIC: [8] Undefined index: category_id G:\itcast\case\ThinkPHP3\Application\Home\Controller\IndexController.class.php 第 37 行.
NOTIC: [8] Undefined index: title G:\itcast\case\ThinkPHP3\Application\Home\Controller\IndexController.class.php 第 40 行.
SQL: SHOW COLUMNS FROM `article` [ RunTime:0.0350s ]
NOTIC: [2] Invalid argument supplied for foreach() G:\itcast\case\ThinkPHP3\ThinkPHP\Library\Think\Db\Driver.class.php 第 504 行.
SQL: SELECT COUNT(*) AS tp_count FROM `article` LIMIT 1   [ RunTime:0.0008s ]
SQL: SHOW COLUMNS FROM `article` [ RunTime:0.0135s ]
NOTIC: [2] Invalid argument supplied for foreach() G:\itcast\case\ThinkPHP3\ThinkPHP\Library\Think\Db\Driver.class.php 第 504 行.
SQL: SELECT article.*,`username`,`classname` FROM `article` left join user on article.user_id=user.id left join category on article.category_id=category.id  LIMIT 0,5   [ RunTime:0.0009s ]
SQL: SHOW COLUMNS FROM `category` [ RunTime:0.0372s ]
SQL: SELECT * FROM `category`  [ RunTime:0.0005s ]
SQL: SHOW COLUMNS FROM `comment` [ RunTime:0.0160s ]
SQL: SELECT `username`,comment.addate as addate,`content` FROM `comment` left join user on user.id=comment.user_id  LIMIT 5   [ RunTime:0.0005s ]
SQL: select date_format(from_unixtime(addate),'%Y年%m月') as addate1,count(addate) as article_count from article group by addate1 [ RunTime:0.0004s ]
SQL: SHOW COLUMNS FROM `links` [ RunTime:0.0189s ]
SQL: SELECT * FROM `links`  [ RunTime:0.0003s ]
INFO: [ view_parse ] --START--
INFO: [ template_filter ] --START--
INFO: Run Behavior\ContentReplaceBehavior [ RunTime:0.002619s ]
INFO: [ template_filter ] --END-- [ RunTime:0.002674s ]
INFO: Run Behavior\ParseTemplateBehavior [ RunTime:0.132335s ]
INFO: [ view_parse ] --END-- [ RunTime:0.132468s ]
INFO: [ view_filter ] --START--
INFO: Run Behavior\WriteHtmlCacheBehavior [ RunTime:0.002173s ]
INFO: [ view_filter ] --END-- [ RunTime:0.002267s ]
INFO: [ app_end ] --START--
INFO: Run Behavior\ShowPageTraceBehavior [ RunTime:0.003491s ]
INFO: [ app_end ] --END-- [ RunTime:0.003613s ]

