[ 2018-07-18T21:17:37+08:00 ] 127.0.0.1 /
INFO: [ app_init ] --START--
INFO: Run Behavior\BuildLiteBehavior [ RunTime:0.000020s ]
INFO: [ app_init ] --END-- [ RunTime:0.002237s ]
INFO: [ app_begin ] --START--
INFO: Run Behavior\ReadHtmlCacheBehavior [ RunTime:0.027245s ]
INFO: [ app_begin ] --END-- [ RunTime:0.027335s ]
NOTIC: [2] Declaration of Home\Controller\IndexController::show() should be compatible with Think\Controller::show($content, $charset = '', $contentType = '', $prefix = '') G:\itcast\exercise\ThinkPHP3\Application\Home\Controller\IndexController.class.php 第 194 行.
NOTIC: [8] Undefined index: category_id G:\itcast\exercise\ThinkPHP3\Application\Home\Controller\IndexController.class.php 第 37 行.
NOTIC: [8] Undefined index: title G:\itcast\exercise\ThinkPHP3\Application\Home\Controller\IndexController.class.php 第 40 行.
SQL: SHOW COLUMNS FROM `article` [ RunTime:0.0639s ]
NOTIC: [2] Invalid argument supplied for foreach() G:\itcast\exercise\ThinkPHP3\ThinkPHP\Library\Think\Db\Driver.class.php 第 504 行.
SQL: SELECT COUNT(*) AS tp_count FROM `article` LIMIT 1   [ RunTime:0.0005s ]
SQL: SHOW COLUMNS FROM `article` [ RunTime:0.0117s ]
NOTIC: [2] Invalid argument supplied for foreach() G:\itcast\exercise\ThinkPHP3\ThinkPHP\Library\Think\Db\Driver.class.php 第 504 行.
SQL: SELECT article.*,`username`,`classname` FROM `article` left join user on article.user_id=user.id left join category on article.category_id=category.id  LIMIT 0,5   [ RunTime:0.0009s ]
SQL: SHOW COLUMNS FROM `category` [ RunTime:0.0789s ]
SQL: SELECT * FROM `category`  [ RunTime:0.0004s ]
SQL: SHOW COLUMNS FROM `comment` [ RunTime:0.0774s ]
SQL: SELECT `username`,comment.addate as addate,`content` FROM `comment` left join user on user.id=comment.user_id  LIMIT 5   [ RunTime:0.0007s ]
SQL: select date_format(from_unixtime(addate),'%Y年%m月') as addate1,count(addate) as article_count from article group by addate1 [ RunTime:0.0006s ]
SQL: SHOW COLUMNS FROM `links` [ RunTime:0.0126s ]
SQL: SELECT * FROM `links`  [ RunTime:0.0005s ]
INFO: [ view_parse ] --START--
INFO: [ template_filter ] --START--
INFO: Run Behavior\ContentReplaceBehavior [ RunTime:0.000062s ]
INFO: [ template_filter ] --END-- [ RunTime:0.000125s ]
INFO: Run Behavior\ParseTemplateBehavior [ RunTime:0.258317s ]
INFO: [ view_parse ] --END-- [ RunTime:0.258413s ]
INFO: [ view_filter ] --START--
INFO: Run Behavior\WriteHtmlCacheBehavior [ RunTime:0.041407s ]
INFO: [ view_filter ] --END-- [ RunTime:0.041462s ]
INFO: [ app_end ] --START--
INFO: Run Behavior\ShowPageTraceBehavior [ RunTime:0.149638s ]
INFO: [ app_end ] --END-- [ RunTime:0.149711s ]

[ 2018-07-18T21:17:55+08:00 ] 127.0.0.1 /
INFO: [ app_init ] --START--
INFO: Run Behavior\BuildLiteBehavior [ RunTime:0.000015s ]
INFO: [ app_init ] --END-- [ RunTime:0.000545s ]
INFO: [ app_begin ] --START--
INFO: Run Behavior\ReadHtmlCacheBehavior [ RunTime:0.001067s ]
INFO: [ app_begin ] --END-- [ RunTime:0.001152s ]
NOTIC: [2] Declaration of Home\Controller\IndexController::show() should be compatible with Think\Controller::show($content, $charset = '', $contentType = '', $prefix = '') G:\itcast\exercise\ThinkPHP3\Application\Home\Controller\IndexController.class.php 第 194 行.
NOTIC: [8] Undefined index: category_id G:\itcast\exercise\ThinkPHP3\Application\Home\Controller\IndexController.class.php 第 37 行.
NOTIC: [8] Undefined index: title G:\itcast\exercise\ThinkPHP3\Application\Home\Controller\IndexController.class.php 第 40 行.
SQL: SHOW COLUMNS FROM `article` [ RunTime:0.0062s ]
NOTIC: [2] Invalid argument supplied for foreach() G:\itcast\exercise\ThinkPHP3\ThinkPHP\Library\Think\Db\Driver.class.php 第 504 行.
SQL: SELECT COUNT(*) AS tp_count FROM `article` LIMIT 1   [ RunTime:0.0002s ]
SQL: SHOW COLUMNS FROM `article` [ RunTime:0.0057s ]
NOTIC: [2] Invalid argument supplied for foreach() G:\itcast\exercise\ThinkPHP3\ThinkPHP\Library\Think\Db\Driver.class.php 第 504 行.
SQL: SELECT article.*,`username`,`classname` FROM `article` left join user on article.user_id=user.id left join category on article.category_id=category.id  LIMIT 0,5   [ RunTime:0.0004s ]
SQL: SHOW COLUMNS FROM `category` [ RunTime:0.0050s ]
SQL: SELECT * FROM `category`  [ RunTime:0.0002s ]
SQL: SHOW COLUMNS FROM `comment` [ RunTime:0.0051s ]
SQL: SELECT `username`,comment.addate as addate,`content` FROM `comment` left join user on user.id=comment.user_id  LIMIT 5   [ RunTime:0.0003s ]
SQL: select date_format(from_unixtime(addate),'%Y年%m月') as addate1,count(addate) as article_count from article group by addate1 [ RunTime:0.0002s ]
SQL: SHOW COLUMNS FROM `links` [ RunTime:0.0060s ]
SQL: SELECT * FROM `links`  [ RunTime:0.0002s ]
INFO: [ view_parse ] --START--
INFO: [ template_filter ] --START--
INFO: Run Behavior\ContentReplaceBehavior [ RunTime:0.000059s ]
INFO: [ template_filter ] --END-- [ RunTime:0.000132s ]
INFO: Run Behavior\ParseTemplateBehavior [ RunTime:0.018745s ]
INFO: [ view_parse ] --END-- [ RunTime:0.018808s ]
INFO: [ view_filter ] --START--
INFO: Run Behavior\WriteHtmlCacheBehavior [ RunTime:0.000522s ]
INFO: [ view_filter ] --END-- [ RunTime:0.000567s ]
INFO: [ app_end ] --START--
INFO: Run Behavior\ShowPageTraceBehavior [ RunTime:0.001662s ]
INFO: [ app_end ] --END-- [ RunTime:0.001739s ]

